udck19_pipeline_1.ipynb:INFO:
udck19 Supplementary Materials 1
CONDA_DEFAULT_ENV: udck19_pnas_121819
pandas: 0.25.2 
fitgrid: 0.4.8
Start 18.Dec 2019 15:51:02

udck19_pipeline_1.ipynb:INFO:Loading /mnt/cube/home/turbach/papers/udck19/analysis/data/epochs/prepochs_all.h5
udck19_pipeline_1.ipynb:INFO:
All prepared EEG epochs across 3 expts
    timestamps: 375, epochs 13258
    index names: ['Epoch_idx', 'expt', 'sub_id', 'item_id', 'Time']
    columns: Index(['h5_dataset', 'dataset_index', 'event_code', 'regex_match',
       'regex_anchor', 'garv_reject', 'article', 'adjective', 'noun',
       'article_cloze', 'ART_noun_cloze', 'NA_noun_cloze', 'lle', 'lhz',
       'MiPf', 'LLPf', 'RLPf', 'LMPf', 'RMPf', 'LDFr', 'RDFr', 'LLFr', 'RLFr',
       'LMFr', 'RMFr', 'LMCe', 'RMCe', 'MiCe', 'MiPa', 'LDCe', 'RDCe', 'LDPa',
       'RDPa', 'LMOc', 'RMOc', 'LLTe', 'RLTe', 'LLOc', 'RLOc', 'MiOc', 'A2',
       'HEOG', 'rle', 'rhz', 'article_item_id', 'ptp_excursion', 'blocked',
       'garv_blink', 'garv_screen', 'eeg_screen'],
      dtype='object')

udck19_pipeline_1.ipynb:INFO:                                                          h5_dataset  \
Epoch_idx expt  sub_id   item_id            Time                       
10000     eeg_1 arquan01 i005_1_a__NA_check -1496  arquan01/dblock_1   
                                            -1488  arquan01/dblock_1   
                                            -1480  arquan01/dblock_1   
                                            -1472  arquan01/dblock_1   
                                            -1464  arquan01/dblock_1   

                                                   dataset_index  event_code  \
Epoch_idx expt  sub_id   item_id            Time                               
10000     eeg_1 arquan01 i005_1_a__NA_check -1496          11318           0   
                                            -1488          11320           0   
                                            -1480          11322           0   
                                            -1472          11324           0   
                                            -1464          11326           0   

                                                   regex_match  regex_anchor  \
Epoch_idx expt  sub_id   item_id            Time                               
10000     eeg_1 arquan01 i005_1_a__NA_check -1496            5             5   
                                            -1488            5             5   
                                            -1480            5             5   
                                            -1472            5             5   
                                            -1464            5             5   

                                                   garv_reject article  \
Epoch_idx expt  sub_id   item_id            Time                         
10000     eeg_1 arquan01 i005_1_a__NA_check -1496            0       a   
                                            -1488            0       a   
                                            -1480            0       a   
                                            -1472            0       a   
                                            -1464            0       a   

                                                  adjective   noun  \
Epoch_idx expt  sub_id   item_id            Time                     
10000     eeg_1 arquan01 i005_1_a__NA_check -1496       NaN  check   
                                            -1488       NaN  check   
                                            -1480       NaN  check   
                                            -1472       NaN  check   
                                            -1464       NaN  check   

                                                   article_cloze  ...  \
Epoch_idx expt  sub_id   item_id            Time                  ...   
10000     eeg_1 arquan01 i005_1_a__NA_check -1496          0.033  ...   
                                            -1488          0.033  ...   
                                            -1480          0.033  ...   
                                            -1472          0.033  ...   
                                            -1464          0.033  ...   

                                                         A2      HEOG  \
Epoch_idx expt  sub_id   item_id            Time                        
10000     eeg_1 arquan01 i005_1_a__NA_check -1496  2.617989 -2.681123   
                                            -1488  2.798927 -2.920608   
                                            -1480  2.548840 -2.701172   
                                            -1472  1.742122 -1.878553   
                                            -1464  0.670755 -0.774185   

                                                        rle       rhz  \
Epoch_idx expt  sub_id   item_id            Time                        
10000     eeg_1 arquan01 i005_1_a__NA_check -1496  4.772443  2.643902   
                                            -1488  5.395647  3.227147   
                                            -1480  6.523194  4.316212   
                                            -1472  7.246664  5.700624   
                                            -1464  6.613298  6.542883   

                                                   article_item_id  \
Epoch_idx expt  sub_id   item_id            Time                     
10000     eeg_1 arquan01 i005_1_a__NA_check -1496     i005_1_a__NA   
                                            -1488     i005_1_a__NA   
                                            -1480     i005_1_a__NA   
                                            -1472     i005_1_a__NA   
                                            -1464     i005_1_a__NA   

                                                   ptp_excursion  blocked  \
Epoch_idx expt  sub_id   item_id            Time                            
10000     eeg_1 arquan01 i005_1_a__NA_check -1496              0        0   
                                            -1488              0        0   
                                            -1480              0        0   
                                            -1472              0        0   
                                            -1464              0        0   

                                                   garv_blink  garv_screen  \
Epoch_idx expt  sub_id   item_id            Time                             
10000     eeg_1 arquan01 i005_1_a__NA_check -1496           0       accept   
                                            -1488           0       accept   
                                            -1480           0       accept   
                                            -1472           0       accept   
                                            -1464           0       accept   

                                                   eeg_screen  
Epoch_idx expt  sub_id   item_id            Time               
10000     eeg_1 arquan01 i005_1_a__NA_check -1496      accept  
                                            -1488      accept  
                                            -1480      accept  
                                            -1472      accept  
                                            -1464      accept  

[5 rows x 50 columns]
udck19_pipeline_1.ipynb:INFO:                                                       h5_dataset  \
Epoch_idx expt  sub_id item_id               Time                   
35711     eeg_3 yan24  i226_2_a__NA_decision 1464  yan24/dblock_9   
                                             1472  yan24/dblock_9   
                                             1480  yan24/dblock_9   
                                             1488  yan24/dblock_9   
                                             1496  yan24/dblock_9   

                                                   dataset_index  event_code  \
Epoch_idx expt  sub_id item_id               Time                              
35711     eeg_3 yan24  i226_2_a__NA_decision 1464          57011           0   
                                             1472          57013           0   
                                             1480          57015           0   
                                             1488          57017           0   
                                             1496          57019           0   

                                                   regex_match  regex_anchor  \
Epoch_idx expt  sub_id item_id               Time                              
35711     eeg_3 yan24  i226_2_a__NA_decision 1464          226           226   
                                             1472          226           226   
                                             1480          226           226   
                                             1488          226           226   
                                             1496          226           226   

                                                   garv_reject article  \
Epoch_idx expt  sub_id item_id               Time                        
35711     eeg_3 yan24  i226_2_a__NA_decision 1464            0       a   
                                             1472            0       a   
                                             1480            0       a   
                                             1488            0       a   
                                             1496            0       a   

                                                  adjective      noun  \
Epoch_idx expt  sub_id item_id               Time                       
35711     eeg_3 yan24  i226_2_a__NA_decision 1464       NaN  decision   
                                             1472       NaN  decision   
                                             1480       NaN  decision   
                                             1488       NaN  decision   
                                             1496       NaN  decision   

                                                   article_cloze  ...  \
Epoch_idx expt  sub_id item_id               Time                 ...   
35711     eeg_3 yan24  i226_2_a__NA_decision 1464          0.188  ...   
                                             1472          0.188  ...   
                                             1480          0.188  ...   
                                             1488          0.188  ...   
                                             1496          0.188  ...   

                                                         A2      HEOG  \
Epoch_idx expt  sub_id item_id               Time                       
35711     eeg_3 yan24  i226_2_a__NA_decision 1464  2.075680  0.296650   
                                             1472  2.568806  0.987271   
                                             1480  2.591119  1.040621   
                                             1488  2.647836  0.561405   
                                             1496  3.091516 -0.128990   

                                                        rle       rhz  \
Epoch_idx expt  sub_id item_id               Time                       
35711     eeg_3 yan24  i226_2_a__NA_decision 1464  1.766629 -3.110894   
                                             1472  2.985145 -1.372459   
                                             1480  4.099156  0.448356   
                                             1488  4.685400  1.810263   
                                             1496  4.895754  2.486586   

                                                   article_item_id  \
Epoch_idx expt  sub_id item_id               Time                    
35711     eeg_3 yan24  i226_2_a__NA_decision 1464     i226_2_a__NA   
                                             1472     i226_2_a__NA   
                                             1480     i226_2_a__NA   
                                             1488     i226_2_a__NA   
                                             1496     i226_2_a__NA   

                                                   ptp_excursion  blocked  \
Epoch_idx expt  sub_id item_id               Time                           
35711     eeg_3 yan24  i226_2_a__NA_decision 1464              0        0   
                                             1472              0        0   
                                             1480              0        0   
                                             1488              0        0   
                                             1496              0        0   

                                                   garv_blink  garv_screen  \
Epoch_idx expt  sub_id item_id               Time                            
35711     eeg_3 yan24  i226_2_a__NA_decision 1464           0       accept   
                                             1472           0       accept   
                                             1480           0       accept   
                                             1488           0       accept   
                                             1496           0       accept   

                                                   eeg_screen  
Epoch_idx expt  sub_id item_id               Time              
35711     eeg_3 yan24  i226_2_a__NA_decision 1464      accept  
                                             1472      accept  
                                             1480      accept  
                                             1488      accept  
                                             1496      accept  

[5 rows x 50 columns]
udck19_pipeline_1.ipynb:INFO:eeg_screen
udck19_pipeline_1.ipynb:INFO:eeg_screen  accept  reject     n  rej_rate
expt                                      
eeg_1         2136     403  2539  0.158724
eeg_2         4668     339  5007  0.067705
eeg_3         5239     473  5712  0.082808
udck19_pipeline_1.ipynb:INFO:expt              eeg_1      eeg_2      eeg_3
      by                                     
count by_sub  32.000000  32.000000  24.000000
mean  by_sub   0.158481   0.067724   0.082850
std   by_sub   0.174878   0.103888   0.072415
min   by_sub   0.000000   0.000000   0.004184
25%   by_sub   0.025000   0.012739   0.032427
50%   by_sub   0.096686   0.030211   0.048523
75%   by_sub   0.202532   0.071993   0.128410
max   by_sub   0.762500   0.452229   0.282700
udck19_pipeline_1.ipynb:INFO:expt                eeg_1       eeg_2       eeg_3
      by                                         
count by_item  159.000000  631.000000  476.000000
mean  by_item    0.158805    0.067523    0.082808
std   by_item    0.096890    0.085022    0.082094
min   by_item    0.000000    0.000000    0.000000
25%   by_item    0.062500    0.000000    0.000000
50%   by_item    0.125000    0.000000    0.083333
75%   by_item    0.250000    0.125000    0.166667
max   by_item    0.375000    0.500000    0.583333
udck19_pipeline_1.ipynb:INFO:
Prepared epochs after dropping EEG artifacts tagged in column: eeg_screen
    timestamps: 375, epochs 12043
    index names: ['Epoch_idx', 'expt', 'sub_id', 'item_id', 'Time']
    columns: Index(['h5_dataset', 'dataset_index', 'event_code', 'regex_match',
       'regex_anchor', 'garv_reject', 'article', 'adjective', 'noun',
       'article_cloze', 'ART_noun_cloze', 'NA_noun_cloze', 'lle', 'lhz',
       'MiPf', 'LLPf', 'RLPf', 'LMPf', 'RMPf', 'LDFr', 'RDFr', 'LLFr', 'RLFr',
       'LMFr', 'RMFr', 'LMCe', 'RMCe', 'MiCe', 'MiPa', 'LDCe', 'RDCe', 'LDPa',
       'RDPa', 'LMOc', 'RMOc', 'LLTe', 'RLTe', 'LLOc', 'RLOc', 'MiOc', 'A2',
       'HEOG', 'rle', 'rhz', 'article_item_id', 'ptp_excursion', 'blocked',
       'garv_blink', 'garv_screen', 'eeg_screen'],
      dtype='object')

udck19_pipeline_1.ipynb:INFO:
Writing EEG screend data epochs to HDF5:
/mnt/cube/home/turbach/papers/udck19/analysis/data/epochs/prepochs_trimd_eeg.h5, key=eeg_screen

udck19_pipeline_1.ipynb:INFO: done
udck19_pipeline_1.ipynb:INFO:    article_id  article_cloze
0    i001_1_a_          0.033
1    i001_1_an          0.800
2    i001_2_a_          0.000
4    i001_2_an          0.742
6    i002_1_a_          0.966
7    i002_1_an          0.000
8    i002_2_a_          1.000
10   i002_2_an          0.000
12   i003_1_a_          0.207
13   i003_1_an          0.759
14   i003_2_a_          0.000
16   i003_2_an          0.935
18   i004_1_a_          0.821
19   i004_1_an          0.036
20   i004_2_a_          0.871
22   i004_2_an          0.000
24   i005_1_a_          0.033
25   i005_1_an          0.900
26   i005_2_a_          0.258
28   i005_2_an          0.742
30   i006_1_a_          0.929
31   i006_1_an          0.000
32   i006_2_a_          0.968
34   i006_2_an          0.032
36   i007_1_a_          0.393
37   i007_1_an          0.500
38   i007_2_a_          0.032
40   i007_2_an          0.968
42   i008_1_a_          0.857
43   i008_1_an          0.000
44   i008_2_a_          1.000
46   i008_2_an          0.000
48   i009_1_a_          0.000
49   i009_1_an          0.571
50   i009_2_a_          0.032
52   i009_2_an          0.871
54   i010_1_a_          0.379
55   i010_1_an          0.000
56   i010_2_a_          1.000
58   i010_2_an          0.000
60   i011_1_a_          0.107
61   i011_1_an          0.714
62   i011_2_a_          0.161
64   i011_2_an          0.839
66   i012_1_a_          0.533
67   i012_1_an          0.000
68   i012_2_a_          0.742
70   i012_2_an          0.000
72   i013_2_a_          0.226
74   i013_2_an          0.774
76   i014_2_a_          0.839
78   i014_2_an          0.000
80   i015_1_a_          0.233
81   i015_1_an          0.700
82   i015_2_a_          0.065
84   i015_2_an          0.935
86   i016_1_a_          0.759
87   i016_1_an          0.000
88   i016_2_a_          1.000
90   i016_2_an          0.000
92   i017_2_a_          0.000
94   i017_2_an          0.774
96   i018_2_a_          1.000
98   i018_2_an          0.000
100  i019_1_a_          0.300
101  i019_1_an          0.600
102  i019_2_a_          0.000
104  i019_2_an          1.000
106  i020_1_a_          0.828
107  i020_1_an          0.000
108  i020_2_a_          0.968
110  i020_2_an          0.000
112  i021_1_a_          0.172
113  i021_1_an          0.586
114  i021_2_a_          0.097
116  i021_2_an          0.871
118  i022_1_a_          0.857
119  i022_1_an          0.000
120  i022_2_a_          0.742
122  i022_2_an          0.000
124  i023_1_a_          0.000
125  i023_1_an          0.964
126  i023_2_a_          0.355
128  i023_2_an          0.548
130  i024_1_a_          0.586
131  i024_1_an          0.000
132  i024_2_a_          0.935
134  i024_2_an          0.000
136  i025_1_a_          0.103
137  i025_1_an          0.724
138  i025_2_a_          0.194
139  i025_2_an          0.710
140  i026_1_a_          0.767
141  i026_1_an          0.000
142  i026_2_a_          0.903
144  i026_2_an          0.000
146  i027_2_a_          0.452
148  i027_2_an          0.548
150  i028_2_a_          0.968
152  i028_2_an          0.000
154  i029_1_a_          0.000
155  i029_2_a_          0.484
157  i029_2_an          0.387
159  i030_1_a_          0.759
160  i030_1_an          0.000
161  i030_2_a_          0.806
163  i030_2_an          0.000
165  i031_1_a_          0.000
166  i031_1_an          0.821
167  i031_2_a_          0.290
169  i031_2_an          0.516
171  i032_1_a_          0.786
172  i032_1_an          0.000
173  i032_2_a_          0.935
175  i032_2_an          0.000
177  i033_1_a_          0.067
178  i033_1_an          0.900
179  i033_2_a_          0.323
181  i033_2_an          0.452
183  i034_1_a_          0.897
184  i034_1_an          0.034
185  i034_2_a_          0.968
187  i034_2_an          0.000
189  i035_1_a_          0.034
190  i035_1_an          0.793
191  i035_2_a_          0.065
193  i035_2_an          0.871
195  i036_1_a_          0.655
196  i036_1_an          0.000
197  i036_2_a_          0.613
199  i036_2_an          0.000
201  i037_1_a_          0.241
202  i037_1_an          0.414
203  i037_2_a_          0.000
205  i037_2_an          1.000
207  i038_1_a_          0.607
208  i038_1_an          0.000
209  i038_2_a_          0.839
211  i038_2_an          0.000
213  i039_1_a_          0.200
214  i039_1_an          0.567
215  i039_2_a_          0.167
217  i039_2_an          0.433
219  i040_1_a_          0.931
220  i040_1_an          0.000
221  i040_2_a_          1.000
223  i040_2_an          0.000
225  i041_1_a_          0.000
226  i041_1_an          0.345
227  i041_2_a_          0.065
229  i041_2_an          0.935
231  i042_1_a_          0.633
232  i042_1_an          0.000
233  i042_2_a_          0.677
235  i042_2_an          0.000
237  i043_1_a_          0.034
238  i043_1_an          0.828
239  i043_2_a_          0.452
241  i043_2_an          0.548
243  i044_1_a_          0.967
244  i044_1_an          0.000
245  i044_2_a_          1.000
247  i044_2_an          0.000
249  i045_1_a_          0.000
250  i045_1_an          0.759
251  i045_2_a_          0.000
253  i045_2_an          0.677
255  i046_1_a_          0.467
256  i046_1_an          0.000
257  i046_2_a_          0.806
259  i046_2_an          0.000
261  i047_1_a_          0.143
262  i047_1_an          0.750
263  i047_2_a_          0.258
265  i047_2_an          0.710
267  i048_1_a_          0.655
268  i048_1_an          0.000
269  i048_2_a_          0.839
271  i048_2_an          0.000
273  i049_1_a_          0.793
274  i049_1_an          0.000
275  i049_2_a_          0.000
277  i049_2_an          0.774
279  i050_1_a_          0.034
280  i050_1_an          0.793
281  i050_2_a_          0.967
283  i050_2_an          0.000
285  i051_1_a_          0.103
286  i051_1_an          0.586
287  i051_2_a_          0.323
289  i051_2_an          0.613
291  i052_1_a_          0.733
292  i052_1_an          0.200
293  i052_2_a_          0.677
295  i052_2_an          0.000
297  i053_1_a_          0.138
298  i053_1_an          0.759
299  i053_2_a_          0.032
301  i053_2_an          0.968
303  i054_1_a_          0.862
304  i054_1_an          0.000
305  i054_2_a_          1.000
307  i054_2_an          0.000
309  i055_1_a_          0.100
310  i055_1_an          0.067
311  i055_2_a_          0.000
313  i055_2_an          0.935
315  i056_1_a_          0.241
316  i056_1_an          0.000
317  i056_2_a_          0.484
319  i056_2_an          0.000
321  i057_1_a_          0.448
322  i057_1_an          0.448
323  i057_2_a_          0.097
325  i057_2_an          0.871
327  i058_1_a_          0.828
328  i058_1_an          0.000
329  i058_2_a_          0.903
331  i058_2_an          0.000
333  i059_1_a_          0.379
334  i059_1_an          0.517
335  i059_2_a_          0.129
337  i059_2_an          0.871
339  i060_1_a_          0.862
340  i060_1_an          0.000
341  i060_2_a_          0.968
343  i060_2_an          0.000
345  i061_1_a_          0.233
346  i061_1_an          0.667
347  i061_2_a_          0.065
349  i061_2_an          0.903
351  i062_1_a_          0.889
352  i062_1_an          0.000
353  i062_2_a_          0.677
355  i062_2_an          0.000
357  i063_2_a_          0.161
359  i063_2_an          0.742
361  i064_2_a_          1.000
363  i064_2_an          0.000
365  i065_1_a_          0.037
366  i065_1_an          0.667
367  i065_2_a_          0.355
369  i065_2_an          0.581
371  i066_1_a_          0.893
372  i066_1_an          0.000
373  i066_2_a_          1.000
375  i066_2_an          0.000
377  i067_1_a_          0.207
378  i067_1_an          0.552
379  i067_2_a_          0.226
381  i067_2_an          0.774
383  i068_1_a_          0.103
384  i068_1_an          0.000
385  i068_2_a_          0.935
387  i068_2_an          0.000
389  i069_1_a_          0.067
390  i069_1_an          0.867
391  i069_2_a_          0.000
393  i069_2_an          1.000
395  i070_1_a_          0.897
396  i070_1_an          0.000
397  i070_2_a_          0.935
399  i070_2_an          0.000
401  i071_1_a_          0.143
402  i071_1_an          0.536
403  i071_2_a_          0.065
405  i071_2_an          0.581
407  i072_1_a_          0.586
408  i072_1_an          0.138
409  i072_2_a_          0.452
411  i072_2_an          0.000
413  i073_1_a_          0.133
414  i073_1_an          0.600
415  i073_2_a_          0.097
417  i073_2_an          0.871
419  i074_1_a_          0.964
420  i074_1_an          0.000
421  i074_2_a_          0.903
423  i074_2_an          0.000
425  i075_1_a_          0.000
426  i075_1_an          0.786
427  i075_2_a_          0.032
429  i075_2_an          0.968
431  i076_1_a_          0.633
432  i076_1_an          0.033
433  i076_2_a_          1.000
435  i076_2_an          0.000
437  i077_1_a_          0.000
438  i077_1_an          0.828
439  i077_2_a_          0.000
441  i077_2_an          0.903
443  i078_1_a_          0.586
444  i078_1_an          0.138
445  i078_2_a_          0.516
447  i078_2_an          0.000
449  i079_1_a_          0.000
450  i079_1_an          0.448
451  i079_2_a_          0.258
453  i079_2_an          0.710
455  i080_1_a_          0.467
456  i080_1_an          0.000
457  i080_2_a_          0.968
459  i080_2_an          0.000
461  i081_1_a_          0.207
462  i081_1_an          0.655
463  i081_2_a_          0.097
465  i081_2_an          0.871
467  i082_1_a_          0.828
468  i082_1_an          0.000
469  i082_2_a_          0.774
471  i082_2_an          0.000
473  i083_1_a_          0.250
474  i083_1_an          0.643
475  i083_2_a_          0.032
477  i083_2_an          0.613
479  i084_1_a_          0.467
480  i084_1_an          0.000
481  i084_2_a_          0.968
483  i084_2_an          0.000
485  i085_2_an          0.097
486  i086_2_a_          0.000
487  i087_1_a_          0.000
488  i087_1_an          0.667
489  i087_2_a_          0.806
491  i087_2_an          0.000
493  i088_1_a_          0.759
494  i088_1_an          0.000
495  i088_2_a_          0.000
497  i088_2_an          1.000
499  i089_1_a_          0.000
500  i089_1_an          0.931
501  i089_2_a_          0.065
503  i089_2_an          0.742
505  i090_1_a_          0.966
506  i090_1_an          0.000
507  i090_2_a_          1.000
509  i090_2_an          0.000
511  i091_2_a_          0.065
513  i091_2_an          0.613
515  i092_2_a_          1.000
517  i092_2_an          0.000
519  i093_2_a_          0.194
521  i093_2_an          0.806
523  i094_2_a_          1.000
525  i094_2_an          0.000
527  i095_2_a_          0.129
529  i095_2_an          0.806
531  i096_2_a_          0.839
533  i096_2_an          0.000
535  i097_2_a_          0.000
537  i097_2_an          0.710
539  i098_2_a_          0.968
541  i098_2_an          0.000
543  i099_2_a_          0.032
545  i099_2_an          0.903
547  i100_2_a_          1.000
549  i100_2_an          0.000
551  i101_2_a_          0.290
553  i101_2_an          0.710
555  i102_2_a_          0.774
557  i102_2_an          0.000
559  i103_2_a_          0.000
561  i103_2_an          0.968
563  i104_2_a_          1.000
565  i104_2_an          0.000
567  i105_2_a_          0.000
569  i105_2_an          0.968
571  i106_2_a_          1.000
573  i106_2_an          0.000
575  i107_2_a_          0.290
577  i107_2_an          0.516
579  i108_2_a_          1.000
581  i108_2_an          0.000
583  i109_2_a_          0.161
585  i109_2_an          0.677
587  i110_2_a_          0.871
589  i110_2_an          0.000
591  i111_2_a_          0.032
593  i111_2_an          0.871
595  i112_2_a_          0.871
597  i112_2_an          0.000
599  i113_2_a_          0.032
601  i113_2_an          0.806
603  i114_2_a_          1.000
605  i114_2_an          0.000
607  i115_2_a_          0.097
609  i115_2_an          0.871
611  i116_2_a_          0.903
613  i116_2_an          0.000
615  i117_2_a_          0.226
617  i117_2_an          0.419
619  i118_2_a_          0.968
621  i118_2_an          0.000
623  i119_2_a_          0.097
625  i119_2_an          0.903
627  i120_2_a_          0.935
629  i120_2_an          0.000
631  i121_2_a_          0.032
633  i121_2_an          0.871
635  i122_2_a_          1.000
637  i122_2_an          0.000
639  i123_2_a_          0.968
641  i123_2_an          0.000
643  i124_2_a_          0.742
645  i124_2_an          0.032
647  i125_2_a_          0.258
649  i125_2_an          0.452
651  i126_2_a_          0.903
653  i126_2_an          0.032
655  i127_2_a_          0.000
657  i127_2_an          1.000
659  i128_2_a_          0.968
661  i128_2_an          0.000
663  i129_2_a_          0.065
665  i129_2_an          0.871
667  i130_2_a_          0.548
669  i130_2_an          0.000
671  i131_2_a_          0.032
673  i131_2_an          0.903
675  i132_2_a_          0.516
677  i132_2_an          0.000
679  i133_2_a_          0.032
681  i133_2_an          0.968
683  i134_2_a_          0.968
685  i134_2_an          0.000
687  i135_2_a_          0.000
689  i135_2_an          1.000
691  i136_2_a_          0.935
693  i136_2_an          0.000
695  i137_2_a_          0.000
697  i137_2_an          0.742
699  i138_2_a_          0.484
701  i138_2_an          0.065
703  i139_2_a_          0.100
705  i139_2_an          0.767
707  i140_2_a_          0.806
709  i140_2_an          0.065
711  i141_2_a_          0.000
713  i141_2_an          0.387
715  i142_2_a_          0.484
717  i142_2_an          0.000
719  i143_2_a_          0.032
721  i143_2_an          0.903
723  i144_2_a_          0.935
725  i144_2_an          0.000
727  i145_2_a_          0.065
729  i145_2_an          0.903
731  i146_2_a_          0.903
733  i146_2_an          0.000
735  i147_2_a_          0.065
737  i147_2_an          0.839
739  i148_2_a_          0.867
741  i148_2_an          0.000
743  i149_2_a_          0.194
745  i149_2_an          0.710
747  i150_2_a_          0.968
749  i150_2_an          0.000
751  i151_2_a_          0.032
753  i151_2_an          0.968
755  i152_2_a_          0.968
757  i152_2_an          0.000
759  i153_2_a_          0.000
761  i153_2_an          0.871
763  i154_2_a_          0.903
765  i154_2_an          0.000
767  i155_2_a_          0.258
769  i155_2_an          0.742
771  i156_2_a_          0.806
773  i156_2_an          0.097
775  i157_2_a_          0.032
777  i157_2_an          0.839
779  i158_2_a_          0.968
781  i158_2_an          0.000
783  i159_2_a_          0.000
785  i159_2_an          1.000
787  i160_2_a_          0.968
789  i160_2_an          0.000
791  i161_2_a_          0.031
792  i161_2_an          0.000
793  i162_2_a_          0.031
794  i162_2_an          0.000
795  i163_2_a_          0.219
796  i163_2_an          0.000
797  i164_2_a_          0.625
798  i164_2_an          0.000
799  i165_2_a_          0.500
800  i165_2_an          0.000
801  i166_2_a_          0.844
802  i166_2_an          0.031
803  i167_2_a_          0.094
804  i167_2_an          0.000
805  i168_2_a_          0.594
806  i168_2_an          0.188
807  i169_2_a_          0.500
808  i169_2_an          0.031
809  i170_2_a_          0.812
810  i170_2_an          0.188
811  i171_2_a_          0.844
812  i171_2_an          0.000
813  i172_2_a_          0.969
814  i172_2_an          0.000
815  i173_2_a_          0.250
816  i173_2_an          0.031
817  i174_2_a_          0.000
818  i174_2_an          0.000
819  i175_2_a_          0.812
820  i175_2_an          0.000
821  i176_2_a_          0.156
822  i176_2_an          0.000
823  i177_2_a_          0.719
824  i177_2_an          0.000
825  i178_2_a_          0.375
826  i178_2_an          0.000
827  i179_2_a_          0.406
828  i179_2_an          0.000
829  i180_2_a_          0.562
830  i180_2_an          0.000
831  i181_2_a_          0.812
832  i181_2_an          0.000
833  i182_2_a_          0.750
834  i182_2_an          0.250
835  i183_2_a_          0.281
836  i183_2_an          0.000
837  i184_2_a_          0.812
838  i184_2_an          0.000
839  i185_2_a_          0.719
840  i185_2_an          0.000
841  i186_2_a_          0.781
842  i186_2_an          0.062
843  i187_2_a_          0.000
844  i187_2_an          0.000
845  i188_2_a_          0.625
846  i188_2_an          0.000
847  i189_2_a_          0.312
848  i189_2_an          0.000
849  i190_2_a_          0.531
850  i190_2_an          0.219
851  i191_2_a_          0.500
852  i191_2_an          0.000
853  i192_2_a_          0.188
854  i192_2_an          0.031
855  i193_2_a_          0.781
856  i193_2_an          0.219
857  i194_2_a_          0.375
858  i194_2_an          0.000
859  i195_2_a_          0.469
860  i195_2_an          0.125
861  i196_2_a_          0.688
862  i196_2_an          0.000
863  i197_2_a_          0.375
864  i197_2_an          0.031
865  i198_2_a_          0.812
866  i198_2_an          0.125
867  i199_2_a_          0.312
868  i199_2_an          0.562
869  i200_2_a_          0.750
870  i200_2_an          0.094
871  i201_2_a_          0.719
872  i201_2_an          0.000
873  i202_2_a_          0.679
874  i202_2_an          0.036
875  i203_2_a_          0.281
876  i203_2_an          0.000
877  i204_2_a_          0.625
878  i204_2_an          0.031
879  i205_2_a_          0.188
880  i205_2_an          0.719
881  i206_2_a_          0.156
882  i206_2_an          0.281
883  i207_2_a_          0.438
884  i207_2_an          0.500
885  i208_2_a_          0.750
886  i208_2_an          0.000
887  i209_2_a_          0.312
888  i209_2_an          0.594
889  i210_2_a_          0.562
890  i210_2_an          0.281
891  i211_2_a_          0.562
892  i211_2_an          0.031
893  i212_2_a_          0.594
894  i212_2_an          0.062
895  i213_2_a_          0.344
896  i213_2_an          0.406
897  i214_2_a_          0.531
898  i214_2_an          0.062
899  i215_2_a_          0.031
900  i215_2_an          0.969
901  i216_2_a_          0.969
902  i216_2_an          0.000
903  i217_2_a_          0.125
904  i217_2_an          0.844
905  i218_2_a_          0.062
906  i218_2_an          0.000
907  i219_2_a_          0.125
908  i219_2_an          0.625
909  i220_2_a_          0.344
910  i220_2_an          0.219
911  i221_2_a_          1.000
912  i221_2_an          0.000
913  i222_2_a_          0.875
914  i222_2_an          0.031
915  i223_2_a_          0.806
916  i223_2_an          0.194
917  i224_2_a_          0.094
918  i224_2_an          0.000
919  i225_2_a_          0.156
920  i225_2_an          0.125
921  i226_2_a_          0.188
922  i226_2_an          0.812
923  i227_2_a_          0.062
924  i227_2_an          0.219
925  i228_2_a_          0.469
926  i228_2_an          0.438
927  i229_2_a_          0.594
928  i229_2_an          0.344
929  i230_2_a_          0.125
930  i230_2_an          0.062
931  i231_2_a_          0.406
932  i231_2_an          0.219
933  i232_2_a_          0.406
934  i232_2_an          0.062
935  i233_2_a_          0.219
936  i233_2_an          0.719
937  i234_2_a_          0.656
938  i234_2_an          0.000
939  i235_2_a_          0.312
940  i235_2_an          0.000
941  i236_2_a_          0.188
942  i236_2_an          0.656
943  i237_2_a_          0.250
944  i237_2_an          0.531
945  i238_2_a_          0.000
946  i238_2_an          0.062
947  i239_2_a_          0.312
948  i239_2_an          0.188
949  i240_2_a_          0.094
950  i240_2_an          0.344
udck19_pipeline_1.ipynb:INFO:Article cloze eeg_1 (artifact screened data)
udck19_pipeline_1.ipynb:INFO:article_id       159
article_cloze    159
dtype: int64
udck19_pipeline_1.ipynb:INFO:Article cloze eeg_2 (artifact screened data)
udck19_pipeline_1.ipynb:INFO:article_id       316
article_cloze    316
dtype: int64
udck19_pipeline_1.ipynb:INFO:Article cloze eeg_3 (artifact screened data)
udck19_pipeline_1.ipynb:INFO:article_id       476
article_cloze    476
dtype: int64
udck19_pipeline_1.ipynb:INFO:Experiment eeg_1 article_ids
udck19_pipeline_1.ipynb:INFO:       article_cloze
count     159.000000
mean        0.379660
std         0.351742
min         0.000000
25%         0.000000
50%         0.300000
75%         0.741500
max         0.967000
udck19_pipeline_1.ipynb:INFO:Experiment eeg_2 article_ids
udck19_pipeline_1.ipynb:INFO:       article_cloze
count     316.000000
mean        0.445013
std         0.411385
min         0.000000
25%         0.000000
50%         0.426000
75%         0.871000
max         1.000000
udck19_pipeline_1.ipynb:INFO:Experiment eeg_3 article_ids
udck19_pipeline_1.ipynb:INFO:       article_cloze
count     476.000000
mean        0.395998
std         0.382905
min         0.000000
25%         0.000000
50%         0.281000
75%         0.806000
max         1.000000
udck19_pipeline_1.ipynb:INFO:
Done 18.Dec 2019 15:51:49
Elapsed time: 0:00:46.864201

