udck19_pipeline_5.ipynb:INFO:
udck19 Supplementary Materials 5
CONDA_DEFAULT_ENV: udck19_pnas_121819
pandas: 0.25.2 
fitgrid: 0.4.8
Start 19.Dec 2019 14:45:02

udck19_pipeline_5.ipynb:INFO:Loading prepared and artifact screened epochs: /mnt/cube/home/turbach/papers/udck19/analysis/data/epochs/prepochs_trimd_eeg.h5
udck19_pipeline_5.ipynb:INFO:
Prepared epochs after dropping EEG artifacts
    timestamps: 375, epochs 12043
    index names: ['Epoch_idx', 'Time']
    columns: Index(['expt', 'sub_id', 'item_id', 'h5_dataset', 'dataset_index',
       'event_code', 'regex_match', 'regex_anchor', 'garv_reject', 'article',
       'adjective', 'noun', 'article_cloze', 'ART_noun_cloze', 'NA_noun_cloze',
       'lle', 'lhz', 'MiPf', 'LLPf', 'RLPf', 'LMPf', 'RMPf', 'LDFr', 'RDFr',
       'LLFr', 'RLFr', 'LMFr', 'RMFr', 'LMCe', 'RMCe', 'MiCe', 'MiPa', 'LDCe',
       'RDCe', 'LDPa', 'RDPa', 'LMOc', 'RMOc', 'LLTe', 'RLTe', 'LLOc', 'RLOc',
       'MiOc', 'A2', 'HEOG', 'rle', 'rhz', 'article_item_id', 'ptp_excursion',
       'blocked', 'garv_blink', 'garv_screen', 'eeg_screen', 'article_cloze_z',
       'ART_noun_cloze_z', 'NA_noun_cloze_z'],
      dtype='object')
    means and sds: {'article_cloze': {'mean': 0.4076120567966787, 'sd': 0.38896284991204993}, 'ART_noun_cloze': {'mean': 0.3661228489902674, 'sd': 0.39817711892390467}, 'NA_noun_cloze': {'mean': 0.3574003985718258, 'sd': 0.41028924805996025}}")

udck19_pipeline_5.ipynb:INFO:                  expt    sub_id             item_id         h5_dataset  \
Epoch_idx Time                                                            
10000     -1496  eeg_1  arquan01  i005_1_a__NA_check  arquan01/dblock_1   
          -1488  eeg_1  arquan01  i005_1_a__NA_check  arquan01/dblock_1   
          -1480  eeg_1  arquan01  i005_1_a__NA_check  arquan01/dblock_1   
          -1472  eeg_1  arquan01  i005_1_a__NA_check  arquan01/dblock_1   
          -1464  eeg_1  arquan01  i005_1_a__NA_check  arquan01/dblock_1   

                 dataset_index  event_code  regex_match  regex_anchor  \
Epoch_idx Time                                                          
10000     -1496          11318           0            5             5   
          -1488          11320           0            5             5   
          -1480          11322           0            5             5   
          -1472          11324           0            5             5   
          -1464          11326           0            5             5   

                 garv_reject article  ...       rhz article_item_id  \
Epoch_idx Time                        ...                             
10000     -1496            0       a  ...  2.643902    i005_1_a__NA   
          -1488            0       a  ...  3.227147    i005_1_a__NA   
          -1480            0       a  ...  4.316212    i005_1_a__NA   
          -1472            0       a  ...  5.700624    i005_1_a__NA   
          -1464            0       a  ...  6.542883    i005_1_a__NA   

                 ptp_excursion  blocked  garv_blink  garv_screen  eeg_screen  \
Epoch_idx Time                                                                 
10000     -1496              0        0           0       accept      accept   
          -1488              0        0           0       accept      accept   
          -1480              0        0           0       accept      accept   
          -1472              0        0           0       accept      accept   
          -1464              0        0           0       accept      accept   

                 article_cloze_z  ART_noun_cloze_z  NA_noun_cloze_z  
Epoch_idx Time                                                       
10000     -1496        -0.963105         -0.919497        -0.871094  
          -1488        -0.963105         -0.919497        -0.871094  
          -1480        -0.963105         -0.919497        -0.871094  
          -1472        -0.963105         -0.919497        -0.871094  
          -1464        -0.963105         -0.919497        -0.871094  

[5 rows x 56 columns]
udck19_pipeline_5.ipynb:INFO:                 expt sub_id                item_id      h5_dataset  \
Epoch_idx Time                                                        
35711     1464  eeg_3  yan24  i226_2_a__NA_decision  yan24/dblock_9   
          1472  eeg_3  yan24  i226_2_a__NA_decision  yan24/dblock_9   
          1480  eeg_3  yan24  i226_2_a__NA_decision  yan24/dblock_9   
          1488  eeg_3  yan24  i226_2_a__NA_decision  yan24/dblock_9   
          1496  eeg_3  yan24  i226_2_a__NA_decision  yan24/dblock_9   

                dataset_index  event_code  regex_match  regex_anchor  \
Epoch_idx Time                                                         
35711     1464          57011           0          226           226   
          1472          57013           0          226           226   
          1480          57015           0          226           226   
          1488          57017           0          226           226   
          1496          57019           0          226           226   

                garv_reject article  ...       rhz article_item_id  \
Epoch_idx Time                       ...                             
35711     1464            0       a  ... -3.110894    i226_2_a__NA   
          1472            0       a  ... -1.372459    i226_2_a__NA   
          1480            0       a  ...  0.448356    i226_2_a__NA   
          1488            0       a  ...  1.810263    i226_2_a__NA   
          1496            0       a  ...  2.486586    i226_2_a__NA   

                ptp_excursion  blocked  garv_blink  garv_screen  eeg_screen  \
Epoch_idx Time                                                                
35711     1464              0        0           0       accept      accept   
          1472              0        0           0       accept      accept   
          1480              0        0           0       accept      accept   
          1488              0        0           0       accept      accept   
          1496              0        0           0       accept      accept   

                article_cloze_z  ART_noun_cloze_z  NA_noun_cloze_z  
Epoch_idx Time                                                      
35711     1464        -0.564609         -0.595521        -0.871094  
          1472        -0.564609         -0.595521        -0.871094  
          1480        -0.564609         -0.595521        -0.871094  
          1488        -0.564609         -0.595521        -0.871094  
          1496        -0.564609         -0.595521        -0.871094  

[5 rows x 56 columns]
udck19_pipeline_5.ipynb:INFO:Number of article epochs: 12043
udck19_pipeline_5.ipynb:INFO:Number of noun epochs (after dropping adjectives eeg_2):10867
udck19_pipeline_5.ipynb:INFO:
Article measure-time indexs:                         measure  Time    probe
0  mean_200_500_sub_mean_-500_-1     1  article
1  mean_300_500_sub_mean_-500_-1     2  article
2  mean_200_500_sub_mean_-100_-1     4  article
3  mean_300_500_sub_mean_-100_-1     5  article

udck19_pipeline_5.ipynb:INFO:
Noun measure-time indexs:                           measure  Time probe
0  mean_828_1028_sub_mean_-500_-1     3  noun
1  mean_828_1028_sub_mean_-100_-1     6  noun

udck19_pipeline_5.ipynb:INFO:
All measure-time indexs:    index                         measure  Time    probe
0      0   mean_200_500_sub_mean_-500_-1     1  article
1      1   mean_300_500_sub_mean_-500_-1     2  article
2      2   mean_200_500_sub_mean_-100_-1     4  article
3      3   mean_300_500_sub_mean_-100_-1     5  article
4      0  mean_828_1028_sub_mean_-500_-1     3     noun
5      1  mean_828_1028_sub_mean_-100_-1     6     noun

udck19_pipeline_5.ipynb:INFO:
n4_lmer_acz_comps:
{'KIM': ('article_cloze_z + (1 | expt) + (article_cloze_z | sub_id) + (1 | '
         'article_item_id)',
         '(1 | expt) + (article_cloze_z | sub_id) + (1 | article_item_id)'),
 'KIM_noun': ('ART_noun_cloze_z + (1 | expt) + (ART_noun_cloze_z | sub_id) + '
              '(1 | item_id)',
              '(1 | expt) + (ART_noun_cloze_z | sub_id) + (1 | item_id)'),
 'KIM_x_expt': ('expt + article_cloze_z + article_cloze_z:expt + '
                '(article_cloze_z | sub_id) + (1 | article_item_id)',
                'expt + (article_cloze_z | sub_id) + (1 | article_item_id)'),
 'KIM_x_expt_noun': ('expt + ART_noun_cloze_z + ART_noun_cloze_z:expt + '
                     '(ART_noun_cloze_z | sub_id) + (1 | item_id)',
                     'expt + (ART_noun_cloze_z | sub_id) + (1 | item_id)'),
 'KIP': ('article_cloze_z + (1 | expt) + (1 | sub_id) + (1 | article_item_id)',
         '(1 | expt) + (1 | sub_id) + (1 | article_item_id)'),
 'KIP_noun': ('ART_noun_cloze_z + (1 | expt) + (1 | sub_id) + (1 | item_id)',
              '(1 | expt) + (1 | sub_id) + (1 | item_id)'),
 'KIP_x_expt': ('expt + article_cloze_z + article_cloze_z:expt + (1 | sub_id) '
                '+ (1 | article_item_id)',
                'expt + (1 | sub_id) + (1 | article_item_id)'),
 'KIP_x_expt_noun': ('expt + ART_noun_cloze_z + ART_noun_cloze_z:expt + (1 | '
                     'sub_id) + (1 | item_id)',
                     'expt + (1 | sub_id) + (1 | item_id)'),
 'MAX': ('article_cloze_z + (article_cloze_z | expt) + (article_cloze_z | '
         'sub_id) + (article_cloze_z | article_item_id)',
         '(article_cloze_z | expt) + (article_cloze_z | sub_id) + '
         '(article_cloze_z | article_item_id)'),
 'MAX_noun': ('ART_noun_cloze_z + (ART_noun_cloze_z | expt) + '
              '(ART_noun_cloze_z | sub_id) + (ART_noun_cloze_z | item_id)',
              '(ART_noun_cloze_z | expt) + (ART_noun_cloze_z | sub_id) + '
              '(ART_noun_cloze_z | item_id)'),
 'MAX_x_expt': ('expt + article_cloze_z + article_cloze_z:expt + '
                '(article_cloze_z | sub_id) + (article_cloze_z | '
                'article_item_id)',
                'expt + (article_cloze_z | sub_id) + (article_cloze_z | '
                'article_item_id)'),
 'MAX_x_expt_noun': ('expt + ART_noun_cloze_z + ART_noun_cloze_z:expt + '
                     '(ART_noun_cloze_z | sub_id) + (ART_noun_cloze_z | '
                     'item_id)',
                     'expt + (ART_noun_cloze_z | sub_id) + (ART_noun_cloze_z | '
                     'item_id)')}

udck19_pipeline_5.ipynb:INFO:Fitting article
MAX:('article_cloze_z + (article_cloze_z | expt) + (article_cloze_z | sub_id) + '
 '(article_cloze_z | article_item_id)',
 '(article_cloze_z | expt) + (article_cloze_z | sub_id) + (article_cloze_z | '
 'article_item_id)')
udck19_pipeline_5.ipynb:INFO:Fitting article
KIM:('article_cloze_z + (1 | expt) + (article_cloze_z | sub_id) + (1 | '
 'article_item_id)',
 '(1 | expt) + (article_cloze_z | sub_id) + (1 | article_item_id)')
udck19_pipeline_5.ipynb:INFO:Fitting article
KIP:('article_cloze_z + (1 | expt) + (1 | sub_id) + (1 | article_item_id)',
 '(1 | expt) + (1 | sub_id) + (1 | article_item_id)')
udck19_pipeline_5.ipynb:INFO:Fitting article
MAX_x_expt:('expt + article_cloze_z + article_cloze_z:expt + (article_cloze_z | sub_id) + '
 '(article_cloze_z | article_item_id)',
 'expt + (article_cloze_z | sub_id) + (article_cloze_z | article_item_id)')
udck19_pipeline_5.ipynb:INFO:Fitting article
KIM_x_expt:('expt + article_cloze_z + article_cloze_z:expt + (article_cloze_z | sub_id) + '
 '(1 | article_item_id)',
 'expt + (article_cloze_z | sub_id) + (1 | article_item_id)')
udck19_pipeline_5.ipynb:INFO:Fitting article
KIP_x_expt:('expt + article_cloze_z + article_cloze_z:expt + (1 | sub_id) + (1 | '
 'article_item_id)',
 'expt + (1 | sub_id) + (1 | article_item_id)')
udck19_pipeline_5.ipynb:INFO:Fitting noun
MAX_noun:('ART_noun_cloze_z + (ART_noun_cloze_z | expt) + (ART_noun_cloze_z | sub_id) + '
 '(ART_noun_cloze_z | item_id)',
 '(ART_noun_cloze_z | expt) + (ART_noun_cloze_z | sub_id) + (ART_noun_cloze_z '
 '| item_id)')
udck19_pipeline_5.ipynb:INFO:Fitting noun
KIM_noun:('ART_noun_cloze_z + (1 | expt) + (ART_noun_cloze_z | sub_id) + (1 | item_id)',
 '(1 | expt) + (ART_noun_cloze_z | sub_id) + (1 | item_id)')
udck19_pipeline_5.ipynb:INFO:Fitting noun
KIP_noun:('ART_noun_cloze_z + (1 | expt) + (1 | sub_id) + (1 | item_id)',
 '(1 | expt) + (1 | sub_id) + (1 | item_id)')
udck19_pipeline_5.ipynb:INFO:Fitting noun
MAX_x_expt_noun:('expt + ART_noun_cloze_z + ART_noun_cloze_z:expt + (ART_noun_cloze_z | '
 'sub_id) + (ART_noun_cloze_z | item_id)',
 'expt + (ART_noun_cloze_z | sub_id) + (ART_noun_cloze_z | item_id)')
udck19_pipeline_5.ipynb:INFO:Fitting noun
KIM_x_expt_noun:('expt + ART_noun_cloze_z + ART_noun_cloze_z:expt + (ART_noun_cloze_z | '
 'sub_id) + (1 | item_id)',
 'expt + (ART_noun_cloze_z | sub_id) + (1 | item_id)')
udck19_pipeline_5.ipynb:INFO:Fitting noun
KIP_x_expt_noun:('expt + ART_noun_cloze_z + ART_noun_cloze_z:expt + (1 | sub_id) + (1 | '
 'item_id)',
 'expt + (1 | sub_id) + (1 | item_id)')
udck19_pipeline_5.ipynb:INFO:
Done 19.Dec 2019 15:53:19
Elapsed time: 1:08:17.358408

